2025/08/06 16:49:25 server.go:130: 添加上游服务 - 类型: hello, 地址: [localhost:8081]
2025/08/06 16:49:25 server.go:130: 添加上游服务 - 类型: business, 地址: [localhost:8082]
2025/08/06 16:49:25 server.go:130: 添加上游服务 - 类型: zone, 地址: [localhost:8083]
2025/08/06 16:49:25 server.go:146: 上游服务初始化完成 - 总服务数: 3, 已启用: 3
2025/08/06 16:49:25 server.go:98: START消息异步处理器使用默认配置 - Workers: 100, 队列: 1000, 超时: 30s
2025/08/06 16:49:25 overload_protector.go:155: 过载保护器已启用 - 最大连接: 1000, 最大QPS: 2000, 最大上游并发: 100
2025/08/06 16:49:25 server.go:152: 启动网关服务器...
2025/08/06 16:49:25 server_utils.go:62: 已初始化上游服务连接管理器 - 配置服务数: 3
2025/08/06 16:49:25 manager.go:87: 已连接到上游服务: localhost:8081
2025/08/06 16:49:25 server_utils.go:51: 预连接上游服务成功 - hello
2025/08/06 16:49:25 manager.go:87: 已连接到上游服务: localhost:8083
2025/08/06 16:49:25 server_utils.go:51: 预连接上游服务成功 - zone
2025/08/06 16:49:25 manager.go:87: 已连接到上游服务: localhost:8082
2025/08/06 16:49:25 server_utils.go:51: 预连接上游服务成功 - business
2025/08/06 16:49:25 server_start.go:37: QUIC监听器已启动: :8080
2025/08/06 16:49:25 server_start.go:80: HTTP服务器已启动: :8090
2025/08/06 16:49:25 server_start.go:94: 监控服务器已启动: :9090
2025/08/06 16:49:25 main.go:272: 启动服务器失败: 启动gRPC服务器失败: gRPC监听失败: listen tcp :8082: bind: Only one usage of each socket address (protocol/network address/port) is normally permitted.
2025/08/06 16:53:20 server.go:130: 添加上游服务 - 类型: hello, 地址: [localhost:8081]
2025/08/06 16:53:20 server.go:130: 添加上游服务 - 类型: business, 地址: [localhost:8082]
2025/08/06 16:53:20 server.go:130: 添加上游服务 - 类型: zone, 地址: [localhost:8083]
2025/08/06 16:53:20 server.go:146: 上游服务初始化完成 - 总服务数: 3, 已启用: 3
2025/08/06 16:53:20 server.go:98: START消息异步处理器使用默认配置 - Workers: 100, 队列: 1000, 超时: 30s
2025/08/06 16:53:20 overload_protector.go:155: 过载保护器已启用 - 最大连接: 1000, 最大QPS: 2000, 最大上游并发: 100
2025/08/06 16:53:20 server.go:152: 启动网关服务器...
2025/08/06 16:53:20 server_utils.go:62: 已初始化上游服务连接管理器 - 配置服务数: 3
2025/08/06 16:53:20 manager.go:87: 已连接到上游服务: localhost:8081
2025/08/06 16:53:20 server_utils.go:51: 预连接上游服务成功 - hello
2025/08/06 16:53:20 manager.go:87: 已连接到上游服务: localhost:8083
2025/08/06 16:53:20 server_utils.go:51: 预连接上游服务成功 - zone
2025/08/06 16:53:20 manager.go:87: 已连接到上游服务: localhost:8082
2025/08/06 16:53:20 server_utils.go:51: 预连接上游服务成功 - business
2025/08/06 16:53:20 server_start.go:37: QUIC监听器已启动: :8080
2025/08/06 16:53:20 server_start.go:80: HTTP服务器已启动: :8090
2025/08/06 16:53:20 server_start.go:94: 监控服务器已启动: :9090
2025/08/06 16:53:20 start_processor.go:91: 启动START消息异步处理器 - Workers: 100, 队列大小: 1000, 超时: 30s
2025/08/06 16:53:20 server.go:186: START消息异步处理器已启动
2025/08/06 16:53:20 server_start.go:112: gRPC服务器已启动: :8092
2025/08/06 16:53:20 server.go:202: 网关服务器启动完成
2025/08/06 16:53:20 server.go:203: QUIC监听地址: :8080
2025/08/06 16:53:20 server.go:204: HTTP监听地址: :8090
2025/08/06 16:53:20 server.go:205: gRPC监听地址: :8092
2025/08/06 16:53:20 server.go:206: 监控地址: :9090
2025/08/06 16:53:20 server.go:207: 上游服务地址: 
2025/08/06 16:53:20 main.go:279: 网关服务器正在运行... (按Ctrl+C停止)
2025/08/06 16:54:44 server_connection.go:75: 新的QUIC连接: 127.0.0.1:56300
2025/08/06 16:54:44 server_connection.go:87: 等待第一个消息以获取身份标识 - 连接: 127.0.0.1:56300
2025/08/06 16:54:44 server_connection.go:140: 从第一个消息中提取身份信息 - OpenID: 94300, ClientID: client_3132372e302e302e313a3536333030
2025/08/06 16:54:44 server_connection.go:144: 根据第一个消息提取出session - sessionid: 55d65782-ffb4-4901-ad9b-98aba06c8a84
2025/08/06 16:54:44 server_connection.go:165: 创建会话: 55d65782-ffb4-4901-ad9b-98aba06c8a84
2025/08/06 16:54:44 server_connection.go:270: 处理消息 - 会话: 55d65782-ffb4-4901-ad9b-98aba06c8a84, 读取时间: 2025-08-06 16:54:44.5313412 +0800 CST m=+84.502495301, 处理开始时间: 2025-08-06 16:54:44.5313412 +0800 CST m=+84.502495301
2025/08/06 16:54:44 handlers.go:307: 异步处理start请求 - 会话: 55d65782-ffb4-4901-ad9b-98aba06c8a84, 消息ID: 1
2025/08/06 16:54:44 start_processor.go:208: 异步处理START请求 - 会话: 55d65782-ffb4-4901-ad9b-98aba06c8a84, 消息ID: 1
2025/08/06 16:54:44 start_processor.go:327: 异步处理连接建立请求成功 - OpenID: 94300, 客户端: 94300, 会话: 55d65782-ffb4-4901-ad9b-98aba06c8a84, 状态: 0
2025/08/06 16:54:44 ordered_sender.go:63: 为会话设置发送回调函数 - 会话: 55d65782-ffb4-4901-ad9b-98aba06c8a84
2025/08/06 16:59:56 main.go:282: 收到停止信号，正在关闭服务器...
2025/08/06 16:59:56 server.go:214: 正在停止网关服务器...
2025/08/06 16:59:56 start_processor.go:101: 停止START消息异步处理器...
2025/08/06 16:59:56 start_processor.go:104: START消息异步处理器已停止
2025/08/06 16:59:56 server.go:248: START消息异步处理器已停止
